  [1m[35m (57.2ms)[0m  [1m[35mCREATE DATABASE `api_development` DEFAULT CHARACTER SET `utf8`[0m
  [1m[35m (14.2ms)[0m  [1m[35mCREATE DATABASE `api_test` DEFAULT CHARACTER SET `utf8`[0m
  [1m[35m (118.6ms)[0m  [1m[35mCREATE TABLE `schema_migrations` (`version` varchar(255) NOT NULL PRIMARY KEY)[0m
  [1m[35m (45.9ms)[0m  [1m[35mCREATE TABLE `ar_internal_metadata` (`key` varchar(255) NOT NULL PRIMARY KEY, `value` varchar(255), `created_at` datetime(6) NOT NULL, `updated_at` datetime(6) NOT NULL)[0m
  [1m[35m (3.1ms)[0m  [1m[34mSELECT GET_LOCK('5878493172211724820', 0)[0m
  [1m[36mActiveRecord::SchemaMigration Load (48.0ms)[0m  [1m[34mSELECT `schema_migrations`.`version` FROM `schema_migrations` ORDER BY `schema_migrations`.`version` ASC[0m
  [1m[36mActiveRecord::InternalMetadata Load (5.5ms)[0m  [1m[34mSELECT * FROM `ar_internal_metadata` WHERE `ar_internal_metadata`.`key` = 'environment' ORDER BY `ar_internal_metadata`.`key` ASC LIMIT 1[0m
  [1m[36mActiveRecord::InternalMetadata Create (14.9ms)[0m  [1m[32mINSERT INTO `ar_internal_metadata` (`key`, `value`, `created_at`, `updated_at`) VALUES ('environment', 'development', '2024-03-27 15:31:43.817052', '2024-03-27 15:31:43.817057')[0m
Migrating to DeviseCreateUsers (20240327134926)
  [1m[35m (101.1ms)[0m  [1m[35mCREATE TABLE `users` (`id` bigint NOT NULL AUTO_INCREMENT PRIMARY KEY, `email` varchar(255) DEFAULT '' NOT NULL, `encrypted_password` varchar(255) DEFAULT '' NOT NULL, `reset_password_token` varchar(255), `reset_password_sent_at` datetime(6), `remember_created_at` datetime(6), `created_at` datetime(6) NOT NULL, `updated_at` datetime(6) NOT NULL)[0m
  [1m[35m (109.7ms)[0m  [1m[35mCREATE UNIQUE INDEX `index_users_on_email` ON `users` (`email`)[0m
  [1m[35m (163.1ms)[0m  [1m[35mCREATE UNIQUE INDEX `index_users_on_reset_password_token` ON `users` (`reset_password_token`)[0m
  [1m[36mActiveRecord::SchemaMigration Create (26.6ms)[0m  [1m[32mINSERT INTO `schema_migrations` (`version`) VALUES ('20240327134926')[0m
  [1m[35m (1.7ms)[0m  [1m[34mSELECT RELEASE_LOCK('5878493172211724820')[0m
  [1m[36mActiveRecord::SchemaMigration Load (5.3ms)[0m  [1m[34mSELECT `schema_migrations`.`version` FROM `schema_migrations` ORDER BY `schema_migrations`.`version` ASC[0m
  [1m[35m (4.6ms)[0m  [1m[34mSELECT GET_LOCK('5878493172211724820', 0)[0m
  [1m[36mActiveRecord::SchemaMigration Load (6.5ms)[0m  [1m[34mSELECT `schema_migrations`.`version` FROM `schema_migrations` ORDER BY `schema_migrations`.`version` ASC[0m
  [1m[36mActiveRecord::InternalMetadata Load (4.8ms)[0m  [1m[34mSELECT * FROM `ar_internal_metadata` WHERE `ar_internal_metadata`.`key` = 'environment' ORDER BY `ar_internal_metadata`.`key` ASC LIMIT 1[0m
Migrating to CreatePatients (20240327154241)
  [1m[35m (299.9ms)[0m  [1m[35mCREATE TABLE `patients` (`id` bigint NOT NULL AUTO_INCREMENT PRIMARY KEY, `user_id` bigint NOT NULL, `name` varchar(255), `sex` int, `creatinine` decimal, `race` int, `created_at` datetime(6) NOT NULL, `updated_at` datetime(6) NOT NULL, INDEX `index_patients_on_user_id` (`user_id`), CONSTRAINT `fk_rails_623f05c630`
FOREIGN KEY (`user_id`)
  REFERENCES `users` (`id`)
)[0m
  [1m[36mActiveRecord::SchemaMigration Create (19.3ms)[0m  [1m[32mINSERT INTO `schema_migrations` (`version`) VALUES ('20240327154241')[0m
Migrating to CreateQuestions (20240327154315)
  [1m[35m (68.3ms)[0m  [1m[35mCREATE TABLE `questions` (`id` bigint NOT NULL AUTO_INCREMENT PRIMARY KEY, `question` varchar(255), `created_at` datetime(6) NOT NULL, `updated_at` datetime(6) NOT NULL)[0m
  [1m[36mActiveRecord::SchemaMigration Create (20.7ms)[0m  [1m[32mINSERT INTO `schema_migrations` (`version`) VALUES ('20240327154315')[0m
Migrating to CreatePatientQuestions (20240327155256)
  [1m[35m (147.9ms)[0m  [1m[35mCREATE TABLE `patient_questions` (`id` bigint NOT NULL AUTO_INCREMENT PRIMARY KEY, `patient_id` bigint NOT NULL, `question_id` bigint NOT NULL, `created_at` datetime(6) NOT NULL, `updated_at` datetime(6) NOT NULL, INDEX `index_patient_questions_on_patient_id` (`patient_id`), INDEX `index_patient_questions_on_question_id` (`question_id`), CONSTRAINT `fk_rails_6291394fb8`
FOREIGN KEY (`patient_id`)
  REFERENCES `patients` (`id`)
, CONSTRAINT `fk_rails_0ef34dc8c1`
FOREIGN KEY (`question_id`)
  REFERENCES `questions` (`id`)
)[0m
  [1m[36mActiveRecord::SchemaMigration Create (10.3ms)[0m  [1m[32mINSERT INTO `schema_migrations` (`version`) VALUES ('20240327155256')[0m
  [1m[35m (1.5ms)[0m  [1m[34mSELECT RELEASE_LOCK('5878493172211724820')[0m
  [1m[36mActiveRecord::SchemaMigration Load (1.3ms)[0m  [1m[34mSELECT `schema_migrations`.`version` FROM `schema_migrations` ORDER BY `schema_migrations`.`version` ASC[0m
  [1m[35m (1.5ms)[0m  [1m[34mSELECT GET_LOCK('5878493172211724820', 0)[0m
  [1m[36mActiveRecord::SchemaMigration Load (100.7ms)[0m  [1m[34mSELECT `schema_migrations`.`version` FROM `schema_migrations` ORDER BY `schema_migrations`.`version` ASC[0m
  [1m[36mActiveRecord::InternalMetadata Load (7.4ms)[0m  [1m[34mSELECT * FROM `ar_internal_metadata` WHERE `ar_internal_metadata`.`key` = 'environment' ORDER BY `ar_internal_metadata`.`key` ASC LIMIT 1[0m
Migrating to CreateDoctors (20240328162857)
  [1m[35m (100.1ms)[0m  [1m[35mCREATE TABLE `doctors` (`id` bigint NOT NULL AUTO_INCREMENT PRIMARY KEY, `user_id` bigint NOT NULL, `name` varchar(255), `crm` varchar(255), `created_at` datetime(6) NOT NULL, `updated_at` datetime(6) NOT NULL, INDEX `index_doctors_on_user_id` (`user_id`), CONSTRAINT `fk_rails_899b01ef33`
FOREIGN KEY (`user_id`)
  REFERENCES `users` (`id`)
)[0m
  [1m[36mActiveRecord::SchemaMigration Create (14.4ms)[0m  [1m[32mINSERT INTO `schema_migrations` (`version`) VALUES ('20240328162857')[0m
  [1m[35m (2.1ms)[0m  [1m[34mSELECT RELEASE_LOCK('5878493172211724820')[0m
  [1m[36mActiveRecord::SchemaMigration Load (5.6ms)[0m  [1m[34mSELECT `schema_migrations`.`version` FROM `schema_migrations` ORDER BY `schema_migrations`.`version` ASC[0m
  [1m[35m (29.6ms)[0m  [1m[35mCREATE DATABASE `api_development` DEFAULT CHARACTER SET `utf8`[0m
  [1m[35m (2.5ms)[0m  [1m[35mCREATE DATABASE `api_test` DEFAULT CHARACTER SET `utf8`[0m
  [1m[35m (48.9ms)[0m  [1m[35mCREATE TABLE `schema_migrations` (`version` varchar(255) NOT NULL PRIMARY KEY)[0m
  [1m[35m (22.9ms)[0m  [1m[35mCREATE TABLE `ar_internal_metadata` (`key` varchar(255) NOT NULL PRIMARY KEY, `value` varchar(255), `created_at` datetime(6) NOT NULL, `updated_at` datetime(6) NOT NULL)[0m
  [1m[35m (0.5ms)[0m  [1m[34mSELECT GET_LOCK('5878493172211724820', 0)[0m
  [1m[36mActiveRecord::SchemaMigration Load (0.4ms)[0m  [1m[34mSELECT `schema_migrations`.`version` FROM `schema_migrations` ORDER BY `schema_migrations`.`version` ASC[0m
  [1m[36mActiveRecord::InternalMetadata Load (0.3ms)[0m  [1m[34mSELECT * FROM `ar_internal_metadata` WHERE `ar_internal_metadata`.`key` = 'environment' ORDER BY `ar_internal_metadata`.`key` ASC LIMIT 1[0m
  [1m[36mActiveRecord::InternalMetadata Create (2.9ms)[0m  [1m[32mINSERT INTO `ar_internal_metadata` (`key`, `value`, `created_at`, `updated_at`) VALUES ('environment', 'development', '2024-03-29 17:53:54.426998', '2024-03-29 17:53:54.427002')[0m
Migrating to DeviseCreateUsers (20240327134926)
  [1m[35m (22.3ms)[0m  [1m[35mCREATE TABLE `users` (`id` bigint NOT NULL AUTO_INCREMENT PRIMARY KEY, `encrypted_password` varchar(255) DEFAULT '' NOT NULL, `reset_password_token` varchar(255), `reset_password_sent_at` datetime(6), `remember_created_at` datetime(6), `confirmation_token` varchar(255), `confirmed_at` datetime(6), `confirmation_sent_at` datetime(6), `unconfirmed_email` varchar(255), `name` varchar(255), `email` varchar(255), `profile` int DEFAULT 0 NOT NULL, `tokens` json, `created_at` datetime(6) NOT NULL, `updated_at` datetime(6) NOT NULL)[0m
  [1m[35m (43.3ms)[0m  [1m[35mCREATE UNIQUE INDEX `index_users_on_email` ON `users` (`email`)[0m
  [1m[35m (14.6ms)[0m  [1m[35mCREATE UNIQUE INDEX `index_users_on_uid_and_provider` ON `users` (`uid`, `provider`)[0m
  [1m[35m (0.4ms)[0m  [1m[34mSELECT RELEASE_LOCK('5878493172211724820')[0m
  [1m[35m (0.1ms)[0m  [1m[34mSELECT GET_LOCK('5878493172211724820', 0)[0m
  [1m[36mActiveRecord::SchemaMigration Load (0.2ms)[0m  [1m[34mSELECT `schema_migrations`.`version` FROM `schema_migrations` ORDER BY `schema_migrations`.`version` ASC[0m
  [1m[36mActiveRecord::InternalMetadata Load (0.2ms)[0m  [1m[34mSELECT * FROM `ar_internal_metadata` WHERE `ar_internal_metadata`.`key` = 'environment' ORDER BY `ar_internal_metadata`.`key` ASC LIMIT 1[0m
Migrating to DeviseCreateUsers (20240327134926)
  [1m[35m (0.7ms)[0m  [1m[35mCREATE TABLE `users` (`id` bigint NOT NULL AUTO_INCREMENT PRIMARY KEY, `encrypted_password` varchar(255) DEFAULT '' NOT NULL, `reset_password_token` varchar(255), `reset_password_sent_at` datetime(6), `remember_created_at` datetime(6), `confirmation_token` varchar(255), `confirmed_at` datetime(6), `confirmation_sent_at` datetime(6), `unconfirmed_email` varchar(255), `name` varchar(255), `email` varchar(255), `profile` int DEFAULT 0 NOT NULL, `tokens` json, `created_at` datetime(6) NOT NULL, `updated_at` datetime(6) NOT NULL)[0m
  [1m[35m (0.2ms)[0m  [1m[34mSELECT RELEASE_LOCK('5878493172211724820')[0m
  [1m[36mActiveRecord::SchemaMigration Load (0.3ms)[0m  [1m[34mSELECT `schema_migrations`.`version` FROM `schema_migrations` ORDER BY `schema_migrations`.`version` ASC[0m
  [1m[36mActiveRecord::SchemaMigration Load (0.1ms)[0m  [1m[34mSELECT `schema_migrations`.`version` FROM `schema_migrations` ORDER BY `schema_migrations`.`version` ASC[0m
  [1m[35m (51.2ms)[0m  [1m[35mDROP DATABASE IF EXISTS `api_development`[0m
  [1m[35m (0.3ms)[0m  [1m[35mCREATE DATABASE `api_development` DEFAULT CHARACTER SET `utf8`[0m
  [1m[35m (9.0ms)[0m  [1m[35mDROP DATABASE IF EXISTS `api_test`[0m
  [1m[35m (0.4ms)[0m  [1m[35mCREATE DATABASE `api_test` DEFAULT CHARACTER SET `utf8`[0m
  [1m[35m (21.6ms)[0m  [1m[35mCREATE TABLE `schema_migrations` (`version` varchar(255) NOT NULL PRIMARY KEY)[0m
  [1m[35m (22.2ms)[0m  [1m[35mCREATE TABLE `ar_internal_metadata` (`key` varchar(255) NOT NULL PRIMARY KEY, `value` varchar(255), `created_at` datetime(6) NOT NULL, `updated_at` datetime(6) NOT NULL)[0m
  [1m[35m (0.1ms)[0m  [1m[34mSELECT GET_LOCK('5878493172211724820', 0)[0m
  [1m[36mActiveRecord::SchemaMigration Load (0.3ms)[0m  [1m[34mSELECT `schema_migrations`.`version` FROM `schema_migrations` ORDER BY `schema_migrations`.`version` ASC[0m
  [1m[36mActiveRecord::InternalMetadata Load (0.2ms)[0m  [1m[34mSELECT * FROM `ar_internal_metadata` WHERE `ar_internal_metadata`.`key` = 'environment' ORDER BY `ar_internal_metadata`.`key` ASC LIMIT 1[0m
  [1m[36mActiveRecord::InternalMetadata Create (2.8ms)[0m  [1m[32mINSERT INTO `ar_internal_metadata` (`key`, `value`, `created_at`, `updated_at`) VALUES ('environment', 'development', '2024-03-29 17:54:57.716216', '2024-03-29 17:54:57.716219')[0m
Migrating to DeviseCreateUsers (20240327134926)
  [1m[35m (21.9ms)[0m  [1m[35mCREATE TABLE `users` (`id` bigint NOT NULL AUTO_INCREMENT PRIMARY KEY, `encrypted_password` varchar(255) DEFAULT '' NOT NULL, `reset_password_token` varchar(255), `reset_password_sent_at` datetime(6), `remember_created_at` datetime(6), `confirmation_token` varchar(255), `confirmed_at` datetime(6), `confirmation_sent_at` datetime(6), `unconfirmed_email` varchar(255), `name` varchar(255), `email` varchar(255), `profile` int DEFAULT 0 NOT NULL, `tokens` json, `created_at` datetime(6) NOT NULL, `updated_at` datetime(6) NOT NULL)[0m
  [1m[35m (42.5ms)[0m  [1m[35mCREATE UNIQUE INDEX `index_users_on_email` ON `users` (`email`)[0m
  [1m[35m (43.9ms)[0m  [1m[35mCREATE UNIQUE INDEX `index_users_on_reset_password_token` ON `users` (`reset_password_token`)[0m
  [1m[35m (42.0ms)[0m  [1m[35mCREATE UNIQUE INDEX `index_users_on_confirmation_token` ON `users` (`confirmation_token`)[0m
  [1m[36mActiveRecord::SchemaMigration Create (2.9ms)[0m  [1m[32mINSERT INTO `schema_migrations` (`version`) VALUES ('20240327134926')[0m
Migrating to CreatePatients (20240327154241)
  [1m[35m (30.8ms)[0m  [1m[35mCREATE TABLE `patients` (`id` bigint NOT NULL AUTO_INCREMENT PRIMARY KEY, `user_id` bigint NOT NULL, `name` varchar(255), `sex` int, `creatinine` decimal, `race` int, `created_at` datetime(6) NOT NULL, `updated_at` datetime(6) NOT NULL, INDEX `index_patients_on_user_id` (`user_id`), CONSTRAINT `fk_rails_623f05c630`
FOREIGN KEY (`user_id`)
  REFERENCES `users` (`id`)
)[0m
  [1m[36mActiveRecord::SchemaMigration Create (2.8ms)[0m  [1m[32mINSERT INTO `schema_migrations` (`version`) VALUES ('20240327154241')[0m
Migrating to CreateQuestions (20240327154315)
  [1m[35m (202.0ms)[0m  [1m[35mCREATE TABLE `questions` (`id` bigint NOT NULL AUTO_INCREMENT PRIMARY KEY, `short` varchar(255), `title` varchar(255), `question` text, `created_at` datetime(6) NOT NULL, `updated_at` datetime(6) NOT NULL)[0m
  [1m[36mActiveRecord::SchemaMigration Create (3.1ms)[0m  [1m[32mINSERT INTO `schema_migrations` (`version`) VALUES ('20240327154315')[0m
Migrating to CreatePatientQuestions (20240327155256)
  [1m[35m (30.1ms)[0m  [1m[35mCREATE TABLE `patient_questions` (`id` bigint NOT NULL AUTO_INCREMENT PRIMARY KEY, `patient_id` bigint NOT NULL, `question_id` bigint NOT NULL, `created_at` datetime(6) NOT NULL, `updated_at` datetime(6) NOT NULL, INDEX `index_patient_questions_on_patient_id` (`patient_id`), INDEX `index_patient_questions_on_question_id` (`question_id`), CONSTRAINT `fk_rails_6291394fb8`
FOREIGN KEY (`patient_id`)
  REFERENCES `patients` (`id`)
, CONSTRAINT `fk_rails_0ef34dc8c1`
FOREIGN KEY (`question_id`)
  REFERENCES `questions` (`id`)
)[0m
  [1m[36mActiveRecord::SchemaMigration Create (3.1ms)[0m  [1m[32mINSERT INTO `schema_migrations` (`version`) VALUES ('20240327155256')[0m
Migrating to CreateDoctors (20240328162857)
  [1m[35m (25.2ms)[0m  [1m[35mCREATE TABLE `doctors` (`id` bigint NOT NULL AUTO_INCREMENT PRIMARY KEY, `user_id` bigint NOT NULL, `name` varchar(255), `crm` varchar(255), `created_at` datetime(6) NOT NULL, `updated_at` datetime(6) NOT NULL, INDEX `index_doctors_on_user_id` (`user_id`), CONSTRAINT `fk_rails_899b01ef33`
FOREIGN KEY (`user_id`)
  REFERENCES `users` (`id`)
)[0m
  [1m[36mActiveRecord::SchemaMigration Create (3.4ms)[0m  [1m[32mINSERT INTO `schema_migrations` (`version`) VALUES ('20240328162857')[0m
Migrating to CreateAppointments (20240329041217)
  [1m[35m (29.2ms)[0m  [1m[35mCREATE TABLE `appointments` (`id` bigint NOT NULL AUTO_INCREMENT PRIMARY KEY, `doctor_id` bigint NOT NULL, `patient_id` bigint NOT NULL, `date` datetime(6), `created_at` datetime(6) NOT NULL, `updated_at` datetime(6) NOT NULL, INDEX `index_appointments_on_doctor_id` (`doctor_id`), INDEX `index_appointments_on_patient_id` (`patient_id`), CONSTRAINT `fk_rails_8db8e1e8a5`
FOREIGN KEY (`doctor_id`)
  REFERENCES `doctors` (`id`)
, CONSTRAINT `fk_rails_c63da04ab4`
FOREIGN KEY (`patient_id`)
  REFERENCES `patients` (`id`)
)[0m
  [1m[36mActiveRecord::SchemaMigration Create (2.9ms)[0m  [1m[32mINSERT INTO `schema_migrations` (`version`) VALUES ('20240329041217')[0m
  [1m[35m (0.2ms)[0m  [1m[34mSELECT RELEASE_LOCK('5878493172211724820')[0m
  [1m[36mActiveRecord::SchemaMigration Load (0.2ms)[0m  [1m[34mSELECT `schema_migrations`.`version` FROM `schema_migrations` ORDER BY `schema_migrations`.`version` ASC[0m
  [1m[35m (0.2ms)[0m  [1m[34mSELECT GET_LOCK('5878493172211724820', 0)[0m
  [1m[36mActiveRecord::SchemaMigration Load (1.1ms)[0m  [1m[34mSELECT `schema_migrations`.`version` FROM `schema_migrations` ORDER BY `schema_migrations`.`version` ASC[0m
  [1m[36mActiveRecord::InternalMetadata Load (0.7ms)[0m  [1m[34mSELECT * FROM `ar_internal_metadata` WHERE `ar_internal_metadata`.`key` = 'environment' ORDER BY `ar_internal_metadata`.`key` ASC LIMIT 1[0m
Migrating to CreateExams (20240329181408)
  [1m[35m (30.5ms)[0m  [1m[35mCREATE TABLE `exams` (`id` bigint NOT NULL AUTO_INCREMENT PRIMARY KEY, `patient_id` bigint NOT NULL, `name` varchar(255), `description` text, `created_at` datetime(6) NOT NULL, `updated_at` datetime(6) NOT NULL, INDEX `index_exams_on_patient_id` (`patient_id`), CONSTRAINT `fk_rails_6989b69bff`
FOREIGN KEY (`patient_id`)
  REFERENCES `patients` (`id`)
)[0m
  [1m[36mActiveRecord::SchemaMigration Create (2.8ms)[0m  [1m[32mINSERT INTO `schema_migrations` (`version`) VALUES ('20240329181408')[0m
  [1m[35m (0.2ms)[0m  [1m[34mSELECT RELEASE_LOCK('5878493172211724820')[0m
  [1m[36mActiveRecord::SchemaMigration Load (0.2ms)[0m  [1m[34mSELECT `schema_migrations`.`version` FROM `schema_migrations` ORDER BY `schema_migrations`.`version` ASC[0m
  [1m[35m (0.7ms)[0m  [1m[34mSELECT GET_LOCK('5878493172211724820', 0)[0m
  [1m[36mActiveRecord::SchemaMigration Load (0.8ms)[0m  [1m[34mSELECT `schema_migrations`.`version` FROM `schema_migrations` ORDER BY `schema_migrations`.`version` ASC[0m
  [1m[36mActiveRecord::InternalMetadata Load (0.9ms)[0m  [1m[34mSELECT * FROM `ar_internal_metadata` WHERE `ar_internal_metadata`.`key` = 'environment' ORDER BY `ar_internal_metadata`.`key` ASC LIMIT 1[0m
  [1m[35m (0.2ms)[0m  [1m[34mSELECT RELEASE_LOCK('5878493172211724820')[0m
  [1m[36mActiveRecord::SchemaMigration Load (0.1ms)[0m  [1m[34mSELECT `schema_migrations`.`version` FROM `schema_migrations` ORDER BY `schema_migrations`.`version` ASC[0m
  [1m[35m (0.1ms)[0m  [1m[34mSELECT GET_LOCK('5878493172211724820', 0)[0m
  [1m[36mActiveRecord::SchemaMigration Load (0.9ms)[0m  [1m[34mSELECT `schema_migrations`.`version` FROM `schema_migrations` ORDER BY `schema_migrations`.`version` ASC[0m
  [1m[36mActiveRecord::InternalMetadata Load (0.3ms)[0m  [1m[34mSELECT * FROM `ar_internal_metadata` WHERE `ar_internal_metadata`.`key` = 'environment' ORDER BY `ar_internal_metadata`.`key` ASC LIMIT 1[0m
  [1m[35m (0.2ms)[0m  [1m[34mSELECT RELEASE_LOCK('5878493172211724820')[0m
  [1m[36mActiveRecord::SchemaMigration Load (0.2ms)[0m  [1m[34mSELECT `schema_migrations`.`version` FROM `schema_migrations` ORDER BY `schema_migrations`.`version` ASC[0m
  [1m[35m (0.1ms)[0m  [1m[34mSELECT GET_LOCK('5878493172211724820', 0)[0m
  [1m[36mActiveRecord::SchemaMigration Load (0.4ms)[0m  [1m[34mSELECT `schema_migrations`.`version` FROM `schema_migrations` ORDER BY `schema_migrations`.`version` ASC[0m
  [1m[36mActiveRecord::InternalMetadata Load (0.2ms)[0m  [1m[34mSELECT * FROM `ar_internal_metadata` WHERE `ar_internal_metadata`.`key` = 'environment' ORDER BY `ar_internal_metadata`.`key` ASC LIMIT 1[0m
  [1m[35m (0.1ms)[0m  [1m[34mSELECT RELEASE_LOCK('5878493172211724820')[0m
  [1m[36mActiveRecord::SchemaMigration Load (0.1ms)[0m  [1m[34mSELECT `schema_migrations`.`version` FROM `schema_migrations` ORDER BY `schema_migrations`.`version` ASC[0m
  [1m[35m (5.7ms)[0m  [1m[35mCREATE DATABASE `api_development` DEFAULT CHARACTER SET `utf8`[0m
  [1m[35m (0.4ms)[0m  [1m[35mCREATE DATABASE `api_test` DEFAULT CHARACTER SET `utf8`[0m
  [1m[35m (0.0ms)[0m  [1m[34mSELECT GET_LOCK('5878493172211724820', 0)[0m
  [1m[36mActiveRecord::SchemaMigration Load (0.5ms)[0m  [1m[34mSELECT `schema_migrations`.`version` FROM `schema_migrations` ORDER BY `schema_migrations`.`version` ASC[0m
  [1m[36mActiveRecord::InternalMetadata Load (0.2ms)[0m  [1m[34mSELECT * FROM `ar_internal_metadata` WHERE `ar_internal_metadata`.`key` = 'environment' ORDER BY `ar_internal_metadata`.`key` ASC LIMIT 1[0m
  [1m[35m (0.3ms)[0m  [1m[34mSELECT RELEASE_LOCK('5878493172211724820')[0m
  [1m[36mActiveRecord::SchemaMigration Load (0.1ms)[0m  [1m[34mSELECT `schema_migrations`.`version` FROM `schema_migrations` ORDER BY `schema_migrations`.`version` ASC[0m
  [1m[35m (0.1ms)[0m  [1m[34mSELECT GET_LOCK('5878493172211724820', 0)[0m
  [1m[36mActiveRecord::SchemaMigration Load (0.6ms)[0m  [1m[34mSELECT `schema_migrations`.`version` FROM `schema_migrations` ORDER BY `schema_migrations`.`version` ASC[0m
  [1m[36mActiveRecord::InternalMetadata Load (0.3ms)[0m  [1m[34mSELECT * FROM `ar_internal_metadata` WHERE `ar_internal_metadata`.`key` = 'environment' ORDER BY `ar_internal_metadata`.`key` ASC LIMIT 1[0m
  [1m[35m (0.1ms)[0m  [1m[34mSELECT RELEASE_LOCK('5878493172211724820')[0m
  [1m[36mActiveRecord::SchemaMigration Load (0.1ms)[0m  [1m[34mSELECT `schema_migrations`.`version` FROM `schema_migrations` ORDER BY `schema_migrations`.`version` ASC[0m
  [1m[35m (0.1ms)[0m  [1m[34mSELECT GET_LOCK('5878493172211724820', 0)[0m
  [1m[36mActiveRecord::SchemaMigration Load (0.2ms)[0m  [1m[34mSELECT `schema_migrations`.`version` FROM `schema_migrations` ORDER BY `schema_migrations`.`version` ASC[0m
  [1m[36mActiveRecord::InternalMetadata Load (0.2ms)[0m  [1m[34mSELECT * FROM `ar_internal_metadata` WHERE `ar_internal_metadata`.`key` = 'environment' ORDER BY `ar_internal_metadata`.`key` ASC LIMIT 1[0m
  [1m[35m (0.3ms)[0m  [1m[34mSELECT RELEASE_LOCK('5878493172211724820')[0m
  [1m[36mActiveRecord::SchemaMigration Load (0.4ms)[0m  [1m[34mSELECT `schema_migrations`.`version` FROM `schema_migrations` ORDER BY `schema_migrations`.`version` ASC[0m
Started POST "/v1//question?title=Perda%20r%C3%A1pida%20da%20fun%C3%A7%C3%A3o%20renal&shor=perda%20fun%C3%A7%C3%A3o%20renal&question=O%20paciente%20possui%20Perda%20r%C3%A1pida%20da%20fun%C3%A7%C3%A3o%20renal%20?%20Maior%20que%205%20ml/min/%201.73%20m2,%20confirmados%20em%20dois%20exames%20em%20um%20intervalo%20de%206%20meses." for ::1 at 2024-03-30 15:14:27 -0300
  [1m[36mActiveRecord::SchemaMigration Load (6.4ms)[0m  [1m[34mSELECT `schema_migrations`.`version` FROM `schema_migrations` ORDER BY `schema_migrations`.`version` ASC[0m
  
ActionController::RoutingError (No route matches [POST] "/v1/question"):
  
Started POST "/v1//question?title=Perda%20r%C3%A1pida%20da%20fun%C3%A7%C3%A3o%20renal&shor=perda%20fun%C3%A7%C3%A3o%20renal&question=O%20paciente%20possui%20Perda%20r%C3%A1pida%20da%20fun%C3%A7%C3%A3o%20renal%20?%20Maior%20que%205%20ml/min/%201.73%20m2,%20confirmados%20em%20dois%20exames%20em%20um%20intervalo%20de%206%20meses." for ::1 at 2024-03-30 15:21:11 -0300
  [1m[36mActiveRecord::SchemaMigration Load (4.0ms)[0m  [1m[34mSELECT `schema_migrations`.`version` FROM `schema_migrations` ORDER BY `schema_migrations`.`version` ASC[0m
  
ActionController::RoutingError (No route matches [POST] "/v1/question"):
  
Started GET "/" for 127.0.0.1 at 2024-03-31 12:51:40 -0300
Started GET "/" for 127.0.0.1 at 2024-03-31 12:51:40 -0300
  [1m[36mActiveRecord::SchemaMigration Load (13.7ms)[0m  [1m[34mSELECT `schema_migrations`.`version` FROM `schema_migrations` ORDER BY `schema_migrations`.`version` ASC[0m
Processing by PagesController#home as HTML
Processing by PagesController#home as HTML
Completed 200 OK in 148ms (Views: 2.4ms | ActiveRecord: 0.0ms | Allocations: 1706)


Completed 200 OK in 166ms (Views: 0.2ms | ActiveRecord: 0.0ms | Allocations: 1766)


Started GET "/favicon.ico" for 127.0.0.1 at 2024-03-31 12:51:43 -0300
  
ActionController::RoutingError (No route matches [GET] "/favicon.ico"):
  
Started GET "/" for ::1 at 2024-03-31 12:58:15 -0300
Processing by PagesController#home as */*
Completed 200 OK in 8ms (Views: 4.9ms | ActiveRecord: 0.0ms | Allocations: 61)


Started GET "/" for 127.0.0.1 at 2024-03-31 13:37:05 -0300
Started GET "/" for 127.0.0.1 at 2024-03-31 13:37:05 -0300
Started GET "/" for 127.0.0.1 at 2024-03-31 13:37:05 -0300
Processing by PagesController#home as HTML
Processing by PagesController#home as HTML
Completed 200 OK in 61ms (Views: 33.9ms | ActiveRecord: 0.0ms | Allocations: 55)


Completed 200 OK in 1ms (Views: 0.5ms | ActiveRecord: 0.0ms | Allocations: 55)


Processing by PagesController#home as HTML
Completed 200 OK in 26ms (Views: 20.3ms | ActiveRecord: 0.0ms | Allocations: 55)


Started GET "/" for 127.0.0.1 at 2024-03-31 13:47:00 -0300
Started GET "/" for 127.0.0.1 at 2024-03-31 13:47:00 -0300
Started GET "/" for 127.0.0.1 at 2024-03-31 13:47:00 -0300
  [1m[36mActiveRecord::SchemaMigration Load (0.8ms)[0m  [1m[34mSELECT `schema_migrations`.`version` FROM `schema_migrations` ORDER BY `schema_migrations`.`version` ASC[0m
Processing by PagesController#home as HTML
Processing by PagesController#home as HTML
Processing by PagesController#home as HTML
Completed 200 OK in 4ms (Views: 0.2ms | ActiveRecord: 0.0ms | Allocations: 1110)


Completed 200 OK in 4ms (Views: 0.1ms | ActiveRecord: 0.0ms | Allocations: 1147)


Completed 200 OK in 4ms (Views: 0.0ms | ActiveRecord: 0.0ms | Allocations: 1203)


Started GET "/" for 127.0.0.1 at 2024-03-31 13:47:13 -0300
Started GET "/" for 127.0.0.1 at 2024-03-31 13:47:13 -0300
Processing by PagesController#home as HTML
Completed 200 OK in 0ms (Views: 0.2ms | ActiveRecord: 0.0ms | Allocations: 55)


Processing by PagesController#home as HTML
Completed 200 OK in 0ms (Views: 0.1ms | ActiveRecord: 0.0ms | Allocations: 55)


Started GET "/" for 127.0.0.1 at 2024-03-31 13:47:13 -0300
Processing by PagesController#home as HTML
Completed 200 OK in 0ms (Views: 0.1ms | ActiveRecord: 0.0ms | Allocations: 55)


Started GET "/" for 127.0.0.1 at 2024-03-31 15:25:56 -0300
Processing by PagesController#home as HTML
Completed 200 OK in 47ms (Views: 26.8ms | ActiveRecord: 0.0ms | Allocations: 55)


Started GET "/" for 127.0.0.1 at 2024-03-31 15:27:19 -0300
Started GET "/" for 127.0.0.1 at 2024-03-31 15:27:19 -0300
Started GET "/" for 127.0.0.1 at 2024-03-31 15:27:19 -0300
Processing by PagesController#home as HTML
Completed 200 OK in 0ms (Views: 0.2ms | ActiveRecord: 0.0ms | Allocations: 55)


Processing by PagesController#home as HTML
Processing by PagesController#home as HTML
Completed 200 OK in 28ms (Views: 27.6ms | ActiveRecord: 0.0ms | Allocations: 55)


Completed 200 OK in 1ms (Views: 0.5ms | ActiveRecord: 0.0ms | Allocations: 55)


Started GET "/v1/users" for ::1 at 2024-03-31 16:23:24 -0300
  [1m[36mActiveRecord::SchemaMigration Load (1.0ms)[0m  [1m[34mSELECT `schema_migrations`.`version` FROM `schema_migrations` ORDER BY `schema_migrations`.`version` ASC[0m
  
ActionController::RoutingError (No route matches [GET] "/v1/users"):
  
Started GET "/v1//questions" for ::1 at 2024-03-31 16:23:37 -0300
  
ActionController::RoutingError (No route matches [GET] "/v1/questions"):
  
Started GET "/v1/users" for ::1 at 2024-03-31 16:30:09 -0300
  [1m[36mActiveRecord::SchemaMigration Load (0.5ms)[0m  [1m[34mSELECT `schema_migrations`.`version` FROM `schema_migrations` ORDER BY `schema_migrations`.`version` ASC[0m
  
ActionController::RoutingError (No route matches [GET] "/v1/users"):
  
Started GET "/admin/v1/users" for ::1 at 2024-03-31 16:33:59 -0300
  
NameError (uninitialized constant Api::V1::ApiController):
  
app/controllers/admin/v1/users_controller.rb:2:in `<module:V1>'
app/controllers/admin/v1/users_controller.rb:1:in `<main>'
Started GET "/admin/v1/users" for ::1 at 2024-03-31 16:34:24 -0300
  
NameError (uninitialized constant Api::V1::ApiController):
  
app/controllers/admin/v1/users_controller.rb:2:in `<module:V1>'
app/controllers/admin/v1/users_controller.rb:1:in `<main>'
Started GET "/admin/v1/questions" for ::1 at 2024-03-31 16:34:33 -0300
  
ActionController::RoutingError (uninitialized constant Admin::V1::QuestionsController):
  
Started GET "/admin/v1/doctors" for ::1 at 2024-03-31 16:34:53 -0300
  
ActionController::RoutingError (uninitialized constant Admin::V1::DoctorsController):
  
Started GET "/admin/v1/users" for ::1 at 2024-03-31 16:34:58 -0300
  
NameError (uninitialized constant Api::V1::ApiController):
  
app/controllers/admin/v1/users_controller.rb:2:in `<module:V1>'
app/controllers/admin/v1/users_controller.rb:1:in `<main>'
Started GET "/admin/v1/users" for ::1 at 2024-03-31 16:50:48 -0300
  [1m[36mActiveRecord::SchemaMigration Load (3.5ms)[0m  [1m[34mSELECT `schema_migrations`.`version` FROM `schema_migrations` ORDER BY `schema_migrations`.`version` ASC[0m
Processing by Admin::V1::UsersController#index as */*
Completed 500 Internal Server Error in 9ms (ActiveRecord: 0.0ms | Allocations: 1055)


  
NoMethodError (undefined method `authenticate_user!' for #<Admin::V1::UsersController:0x0000000000b6d0>):
  
activesupport (7.1.3.2) lib/active_support/callbacks.rb:403:in `block in make_lambda'
activesupport (7.1.3.2) lib/active_support/callbacks.rb:202:in `block (2 levels) in halting'
actionpack (7.1.3.2) lib/abstract_controller/callbacks.rb:34:in `block (2 levels) in <module:Callbacks>'
activesupport (7.1.3.2) lib/active_support/callbacks.rb:203:in `block in halting'
activesupport (7.1.3.2) lib/active_support/callbacks.rb:598:in `block in invoke_before'
activesupport (7.1.3.2) lib/active_support/callbacks.rb:598:in `each'
activesupport (7.1.3.2) lib/active_support/callbacks.rb:598:in `invoke_before'
activesupport (7.1.3.2) lib/active_support/callbacks.rb:109:in `run_callbacks'
actionpack (7.1.3.2) lib/abstract_controller/callbacks.rb:258:in `process_action'
actionpack (7.1.3.2) lib/action_controller/metal/rescue.rb:25:in `process_action'
actionpack (7.1.3.2) lib/action_controller/metal/instrumentation.rb:74:in `block in process_action'
activesupport (7.1.3.2) lib/active_support/notifications.rb:206:in `block in instrument'
activesupport (7.1.3.2) lib/active_support/notifications/instrumenter.rb:58:in `instrument'
activesupport (7.1.3.2) lib/active_support/notifications.rb:206:in `instrument'
actionpack (7.1.3.2) lib/action_controller/metal/instrumentation.rb:73:in `process_action'
actionpack (7.1.3.2) lib/action_controller/metal/params_wrapper.rb:261:in `process_action'
activerecord (7.1.3.2) lib/active_record/railties/controller_runtime.rb:32:in `process_action'
actionpack (7.1.3.2) lib/abstract_controller/base.rb:160:in `process'
actionview (7.1.3.2) lib/action_view/rendering.rb:40:in `process'
actionpack (7.1.3.2) lib/action_controller/metal.rb:227:in `dispatch'
actionpack (7.1.3.2) lib/action_controller/metal.rb:309:in `dispatch'
actionpack (7.1.3.2) lib/action_dispatch/routing/route_set.rb:49:in `dispatch'
actionpack (7.1.3.2) lib/action_dispatch/routing/route_set.rb:32:in `serve'
actionpack (7.1.3.2) lib/action_dispatch/journey/router.rb:51:in `block in serve'
actionpack (7.1.3.2) lib/action_dispatch/journey/router.rb:131:in `block in find_routes'
actionpack (7.1.3.2) lib/action_dispatch/journey/router.rb:124:in `each'
actionpack (7.1.3.2) lib/action_dispatch/journey/router.rb:124:in `find_routes'
actionpack (7.1.3.2) lib/action_dispatch/journey/router.rb:32:in `serve'
actionpack (7.1.3.2) lib/action_dispatch/routing/route_set.rb:882:in `call'
warden (1.2.9) lib/warden/manager.rb:36:in `block in call'
warden (1.2.9) lib/warden/manager.rb:34:in `catch'
warden (1.2.9) lib/warden/manager.rb:34:in `call'
rack (3.0.10) lib/rack/etag.rb:29:in `call'
rack (3.0.10) lib/rack/conditional_get.rb:31:in `call'
rack (3.0.10) lib/rack/head.rb:15:in `call'
activerecord (7.1.3.2) lib/active_record/migration.rb:655:in `call'
actionpack (7.1.3.2) lib/action_dispatch/middleware/callbacks.rb:29:in `block in call'
activesupport (7.1.3.2) lib/active_support/callbacks.rb:101:in `run_callbacks'
actionpack (7.1.3.2) lib/action_dispatch/middleware/callbacks.rb:28:in `call'
actionpack (7.1.3.2) lib/action_dispatch/middleware/executor.rb:14:in `call'
actionpack (7.1.3.2) lib/action_dispatch/middleware/actionable_exceptions.rb:16:in `call'
actionpack (7.1.3.2) lib/action_dispatch/middleware/debug_exceptions.rb:29:in `call'
actionpack (7.1.3.2) lib/action_dispatch/middleware/show_exceptions.rb:31:in `call'
railties (7.1.3.2) lib/rails/rack/logger.rb:37:in `call_app'
railties (7.1.3.2) lib/rails/rack/logger.rb:24:in `block in call'
activesupport (7.1.3.2) lib/active_support/tagged_logging.rb:135:in `block in tagged'
activesupport (7.1.3.2) lib/active_support/tagged_logging.rb:39:in `tagged'
activesupport (7.1.3.2) lib/active_support/tagged_logging.rb:135:in `tagged'
activesupport (7.1.3.2) lib/active_support/broadcast_logger.rb:240:in `method_missing'
railties (7.1.3.2) lib/rails/rack/logger.rb:24:in `call'
actionpack (7.1.3.2) lib/action_dispatch/middleware/remote_ip.rb:92:in `call'
actionpack (7.1.3.2) lib/action_dispatch/middleware/request_id.rb:28:in `call'
rack (3.0.10) lib/rack/runtime.rb:24:in `call'
activesupport (7.1.3.2) lib/active_support/cache/strategy/local_cache_middleware.rb:29:in `call'
actionpack (7.1.3.2) lib/action_dispatch/middleware/server_timing.rb:59:in `block in call'
actionpack (7.1.3.2) lib/action_dispatch/middleware/server_timing.rb:24:in `collect_events'
actionpack (7.1.3.2) lib/action_dispatch/middleware/server_timing.rb:58:in `call'
actionpack (7.1.3.2) lib/action_dispatch/middleware/executor.rb:14:in `call'
actionpack (7.1.3.2) lib/action_dispatch/middleware/static.rb:25:in `call'
rack (3.0.10) lib/rack/sendfile.rb:114:in `call'
actionpack (7.1.3.2) lib/action_dispatch/middleware/host_authorization.rb:141:in `call'
rack-cors (2.0.2) lib/rack/cors.rb:102:in `call'
railties (7.1.3.2) lib/rails/engine.rb:536:in `call'
puma (6.4.2) lib/puma/configuration.rb:272:in `call'
puma (6.4.2) lib/puma/request.rb:100:in `block in handle_request'
puma (6.4.2) lib/puma/thread_pool.rb:378:in `with_force_shutdown'
puma (6.4.2) lib/puma/request.rb:99:in `handle_request'
puma (6.4.2) lib/puma/server.rb:464:in `process_client'
puma (6.4.2) lib/puma/server.rb:245:in `block in run'
puma (6.4.2) lib/puma/thread_pool.rb:155:in `block in spawn_thread'
Started GET "/admin/v1/users" for ::1 at 2024-03-31 16:51:52 -0300
Processing by Admin::V1::UsersController#index as */*
Completed 500 Internal Server Error in 11ms (ActiveRecord: 0.0ms | Allocations: 848)


  
NameError (uninitialized constant Admin::V1::ApiController::Current):
  
app/controllers/admin/v1/api_controller.rb:17:in `restrict_access_to_admin!'
